<?xml version="1.0" encoding="UTF-8" ?>
<testsuite tests="42" failures="2" name="runner.RunTest" time="21.754" errors="0" skipped="0">
  <properties>
[...]
</properties>
  <testcase classname="Scenario: Open browser" name="Given new instance of Selenium WebDriver" time="0.001"/>
  <testcase classname="Scenario: Open browser" name="Scenario: Open browser" time="0.011"/>
  <testcase classname="Scenario: Verify that TEM user was login on Portal and FDD page is open" name="When user navigates to \&apos;http:\/\/54.235.118.15:8080\&apos;" time="0"/>
  <testcase classname="Scenario: Verify that TEM user was login on Portal and FDD page is open" name="And user login using the Username as \&apos;tem@mailinator.com\&apos; and the Password as \&apos;Vadmin123\&apos;" time="0.001"/>
  <testcase classname="Scenario: Verify that TEM user was login on Portal and FDD page is open" name="And widget page is open" time="0"/>
  <testcase classname="Scenario: Verify that TEM user was login on Portal and FDD page is open" name="And user navigates to new FDD report page \&apos;http:\/\/54.235.118.15:8080\/#\/fdd-report\&apos;" time="0"/>
  <testcase classname="Scenario: Verify that TEM user was login on Portal and FDD page is open" name="Then base FDD elements are visible" time="0.002">
    <failure type="java.lang.AssertionError">java.lang.AssertionError
	at org.junit.Assert.fail(Assert.java:86)
	at org.junit.Assert.assertTrue(Assert.java:41)
	at org.junit.Assert.assertTrue(Assert.java:52)
	at steps.StepsImplementation.base_FDD_elements_are_visible(StepsImplementation.java:59)
	at ✽.Then base FDD elements are visible(baseFdd.feature:11)
</failure>
  </testcase>
  <testcase classname="Scenario: Verify that TEM user was login on Portal and FDD page is open" name="Scenario: Verify that TEM user was login on Portal and FDD page is open" time="0.002">
    <failure type="java.lang.AssertionError">java.lang.AssertionError
	at org.junit.Assert.fail(Assert.java:86)
	at org.junit.Assert.assertTrue(Assert.java:41)
	at org.junit.Assert.assertTrue(Assert.java:52)
	at steps.StepsImplementation.base_FDD_elements_are_visible(StepsImplementation.java:59)
	at ✽.Then base FDD elements are visible(baseFdd.feature:11)
</failure>
  </testcase>
  <testcase classname="When open first FDD fault(Scenario: Fault reports can be loaded in reasonable time (bug EPE-1723))" name="When open first FDD fault" time="0"/>
  <testcase classname="Then fault page is opened in the range of time from 1 to 5 seconds(Scenario: Fault reports can be loaded in reasonable time (bug EPE-1723))" name="Then fault page is opened in the range of time from 1 to 5 seconds" time="0"/>
  <testcase classname="bug EPE-1723" name="Scenario: Fault reports can be loaded in reasonable time " time="0"/>
  <testcase classname="When click on CSV export button(Scenario: CSV export works when \&apos;All\&apos; state is selected on main view (EPE-1695))" name="When click on CSV export button" time="0"/>
  <testcase classname="Then EcmDetails.xls file download popup is opened(Scenario: CSV export works when \&apos;All\&apos; state is selected on main view (EPE-1695))" name="Then EcmDetails.xls file download popup is opened" time="0"/>
  <testcase classname="EPE-1695" name="Scenario: CSV export works when \&apos;All\&apos; state is selected on main view " time="0.001"/>
  <testcase classname="When change fault state(Scenario: User can update state from main view page (EPE-1694))" name="When change fault state" time="0"/>
  <testcase classname="Then state should be changed immediately(Scenario: User can update state from main view page (EPE-1694))" name="Then state should be changed immediately" time="0"/>
  <testcase classname="EPE-1694" name="Scenario: User can update state from main view page " time="0.001"/>
  <testcase classname="When select first fault item and open details tab(Scenario: Highcharts legend section is out of screen on FDD reports details (EPE-1698))" name="When select first fault item and open details tab" time="0"/>
  <testcase classname="Then highcharts legend section is not shifted down(Scenario: Highcharts legend section is out of screen on FDD reports details (EPE-1698))" name="Then highcharts legend section is not shifted down" time="0.001"/>
  <testcase classname="EPE-1698" name="Scenario: Highcharts legend section is out of screen on FDD reports details " time="0.001"/>
  <testcase classname="When Add \&apos;long text\&apos; comment in Comments(Scenario: Comments tab looks fine in case of \&apos;long\&apos; text message (EPE-1701))" name="When Add \&apos;long text\&apos; comment in Comments" time="0"/>
  <testcase classname="Then Comments properties contained in proper columns(Scenario: Comments tab looks fine in case of \&apos;long\&apos; text message (EPE-1701))" name="Then Comments properties contained in proper columns" time="0"/>
  <testcase classname="EPE-1701" name="Scenario: Comments tab looks fine in case of \&apos;long\&apos; text message " time="0.001"/>
  <testcase classname="When User change the state(Scenario: \&apos;hostname\&apos; column contains real IP address (EPE-1702))" name="When User change the state" time="0.001"/>
  <testcase classname="Then \&apos;hostname\&apos; column contains real IP address instead of \&apos;127.0.0.1\&apos;(Scenario: \&apos;hostname\&apos; column contains real IP address (EPE-1702))" name="Then \&apos;hostname\&apos; column contains real IP address instead of \&apos;127.0.0.1\&apos;" time="0"/>
  <testcase classname="EPE-1702" name="Scenario: \&apos;hostname\&apos; column contains real IP address " time="0.001"/>
  <testcase classname="When User create new comment(Scenario: Correct date is set in popup when user\&apos;s comment has been submitted (EPE-1711))" name="When User create new comment" time="0"/>
  <testcase classname="Then Current date is set in popup when comment has been submitted(Scenario: Correct date is set in popup when user\&apos;s comment has been submitted (EPE-1711))" name="Then Current date is set in popup when comment has been submitted" time="0"/>
  <testcase classname="EPE-1711" name="Scenario: Correct date is set in popup when user\&apos;s comment has been submitted " time="0"/>
  <testcase classname="Given \&apos;State since\&apos; value for the first fault(Scenario: Time-stamp is changed on Details after state was switched from Main view page (EPE-1718))" name="Given \&apos;State since\&apos; value for the first fault" time="0"/>
  <testcase classname="When change the first fault state(Scenario: Time-stamp is changed on Details after state was switched from Main view page (EPE-1718))" name="When change the first fault state" time="0"/>
  <testcase classname="Then compare \&apos;State since\&apos; value was changed(Scenario: Time-stamp is changed on Details after state was switched from Main view page (EPE-1718))" name="Then compare \&apos;State since\&apos; value was changed" time="0"/>
  <testcase classname="EPE-1718" name="Scenario: Time-stamp is changed on Details after state was switched from Main view page " time="0"/>
  <testcase classname="When user opens state drop-down(Scenario: \&apos;change state\&apos; drop-down frame is on screen on the main FDD page (EPE-1720))" name="When user opens state drop-down" time="0"/>
  <testcase classname="Then \&apos;change state\&apos; drop-down frame is on the screen after opening(Scenario: \&apos;change state\&apos; drop-down frame is on screen on the main FDD page (EPE-1720))" name="Then \&apos;change state\&apos; drop-down frame is on the screen after opening" time="0"/>
  <testcase classname="EPE-1720" name="Scenario: \&apos;change state\&apos; drop-down frame is on screen on the main FDD page " time="0"/>
  <testcase classname="Scenario: Comments tab shows alert when user add comment with more than 1000 symbols" name="Given specified \&apos;long\&apos; 1000 symbols string" time="0"/>
  <testcase classname="Scenario: Comments tab shows alert when user add comment with more than 1000 symbols" name="When user submit comment with \&apos;long\&apos; string" time="0"/>
  <testcase classname="Scenario: Comments tab shows alert when user add comment with more than 1000 symbols" name="Then correct error message is raised like \&apos;Comment should be less than 1000 Character\&apos; and comment has not been added" time="0"/>
  <testcase classname="Scenario: Comments tab shows alert when user add comment with more than 1000 symbols" name="Scenario: Comments tab shows alert when user add comment with more than 1000 symbols" time="0"/>
  <testcase classname="Scenario: Close Browser" name="Then driver needs to be closed" time="0"/>
  <testcase classname="Scenario: Close Browser" name="Scenario: Close Browser" time="0.001"/>
</testsuite>